<?xml version="1.0" encoding="UTF-8"?>
<!-- Generated by org.testng.reporters.JUnitReportReporter -->
<testsuite skipped="0" hostname="LAPTOP-3JPTDN53" name="testNg.BasicAnnotationsInTestNG" tests="2" failures="0" timestamp="12 Apr 2019 04:29:51 GMT" time="0.011" errors="0">
  <testcase name="test4" time="0.009" classname="testNg.BasicAnnotationsInTestNG"/>
  <testcase name="test5" time="0.002" classname="testNg.BasicAnnotationsInTestNG"/>
</testsuite> <!-- testNg.BasicAnnotationsInTestNG -->
